<?xml version="1.0" encoding="UTF-8"?>
<testng-results ignored="0" total="1" passed="1" failed="0" skipped="0">
  <reporter-output>
  </reporter-output>
  <suite started-at="2023-05-05T14:28:48 IST" name="Suite" finished-at="2023-05-05T14:29:32 IST" duration-ms="43470">
    <groups>
    </groups>
    <test started-at="2023-05-05T14:28:48 IST" name="Test" finished-at="2023-05-05T14:29:32 IST" duration-ms="43470">
      <class name="testingsheetrename.SalesForceCreateTask">
        <test-method is-config="true" signature="setFile()[pri:0, instance:testingsheetrename.SalesForceCreateTask@5a45133e]" started-at="2023-05-05T14:28:48 IST" name="setFile" finished-at="2023-05-05T14:28:48 IST" duration-ms="20" status="PASS">
          <reporter-output>
          </reporter-output>
        </test-method> <!-- setFile -->
        <test-method is-config="true" signature="preCondition(java.lang.String,java.lang.String,java.lang.String)[pri:0, instance:testingsheetrename.SalesForceCreateTask@5a45133e]" started-at="2023-05-05T14:28:50 IST" name="preCondition" finished-at="2023-05-05T14:29:12 IST" duration-ms="22051" status="PASS">
          <params>
            <param index="0">
              <value>
                <![CDATA[https://login.salesforce.com/]]>
              </value>
            </param>
            <param index="1">
              <value>
                <![CDATA[sarathkumar.thangavel97@testleaf.com]]>
              </value>
            </param>
            <param index="2">
              <value>
                <![CDATA[Leaf@1234]]>
              </value>
            </param>
          </params>
          <reporter-output>
          </reporter-output>
        </test-method> <!-- preCondition -->
        <test-method signature="runSalesForceCreateTask(java.lang.String,java.lang.String)[pri:0, instance:testingsheetrename.SalesForceCreateTask@5a45133e]" started-at="2023-05-05T14:29:12 IST" name="runSalesForceCreateTask" data-provider="fetchData" finished-at="2023-05-05T14:29:32 IST" duration-ms="19159" status="PASS">
          <params>
            <param index="0">
              <value>
                <![CDATA[Task]]>
              </value>
            </param>
            <param index="1">
              <value>
                <![CDATA[Bootcamp]]>
              </value>
            </param>
          </params>
          <reporter-output>
          </reporter-output>
        </test-method> <!-- runSalesForceCreateTask -->
      </class> <!-- testingsheetrename.SalesForceCreateTask -->
    </test> <!-- Test -->
  </suite> <!-- Suite -->
</testng-results>
